<?xml version="1.0" encoding="UTF-8"?>
<!-- Generated by org.testng.reporters.JUnitReportReporter -->
<testsuite hostname="DESKTOP-N598HC3" failures="0" tests="3" name="com.automation.testng.TestClass1" time="2.528" errors="0" timestamp="2024-08-05T20:19:08 CDT" skipped="0">
  <testcase classname="com.automation.testng.TestClass1" name="Test2" time="0.368"/>
  <testcase classname="com.automation.testng.TestClass1" name="Test1" time="1.799"/>
  <testcase classname="com.automation.testng.TestClass1" name="Test3" time="0.361"/>
</testsuite> <!-- com.automation.testng.TestClass1 -->
